# JRE version: OpenJDK Runtime Environment (11.0.13) (build 11.0.13+0-b1751.21-8125866)
# Java VM: OpenJDK 64-Bit Server VM (11.0.13+0-b1751.21-8125866, mixed mode, tiered, compressed oops, g1 gc, windows-amd64)
Heap:
 garbage-first heap   total 814080K, used 287539K [0x0000000080000000, 0x0000000100000000)
  region size 1024K, 6 young (6144K), 6 survivors (6144K)
 Metaspace       used 131122K, capacity 134839K, committed 135096K, reserved 1167360K
  class space    used 16457K, capacity 17828K, committed 17920K, reserved 1048576K
GC Heap History (20 events):
Event: 77.505 GC heap after
{Heap after GC invocations=52 (full 0):
 garbage-first heap   total 388096K, used 318127K [0x0000000080000000, 0x0000000100000000)
  region size 1024K, 4 young (4096K), 4 survivors (4096K)
 Metaspace       used 130758K, capacity 134540K, committed 134840K, reserved 1167360K
  class space    used 16432K, capacity 17837K, committed 17920K, reserved 1048576K
}
Event: 77.609 GC heap before
{Heap before GC invocations=52 (full 0):
 garbage-first heap   total 388096K, used 345775K [0x0000000080000000, 0x0000000100000000)
  region size 1024K, 21 young (21504K), 4 survivors (4096K)
 Metaspace       used 131018K, capacity 134876K, committed 135096K, reserved 1167360K
  class space    used 16471K, capacity 17886K, committed 17920K, reserved 1048576K
}
Event: 77.616 GC heap after
{Heap after GC invocations=53 (full 0):
 garbage-first heap   total 388096K, used 335840K [0x0000000080000000, 0x0000000100000000)
  region size 1024K, 4 young (4096K), 4 survivors (4096K)
 Metaspace       used 131018K, capacity 134876K, committed 135096K, reserved 1167360K
  class space    used 16471K, capacity 17886K, committed 17920K, reserved 1048576K
}
Event: 77.635 GC heap before
{Heap before GC invocations=53 (full 0):
 garbage-first heap   total 388096K, used 376800K [0x0000000080000000, 0x0000000100000000)
  region size 1024K, 18 young (18432K), 4 survivors (4096K)
 Metaspace       used 131028K, capacity 134877K, committed 135096K, reserved 1167360K
  class space    used 16471K, capacity 17886K, committed 17920K, reserved 1048576K
}
Event: 77.638 GC heap after
{Heap after GC invocations=54 (full 0):
 garbage-first heap   total 388096K, used 350058K [0x0000000080000000, 0x0000000100000000)
  region size 1024K, 3 young (3072K), 3 survivors (3072K)
 Metaspace       used 131028K, capacity 134877K, committed 135096K, reserved 1167360K
  class space    used 16471K, capacity 17886K, committed 17920K, reserved 1048576K
}
Event: 77.677 GC heap before
{Heap before GC invocations=54 (full 0):
 garbage-first heap   total 388096K, used 364394K [0x0000000080000000, 0x0000000100000000)
  region size 1024K, 18 young (18432K), 3 survivors (3072K)
 Metaspace       used 131063K, capacity 134877K, committed 135096K, reserved 1167360K
  class space    used 16473K, capacity 17886K, committed 17920K, reserved 1048576K
}
Event: 77.682 GC heap after
{Heap after GC invocations=55 (full 0):
 garbage-first heap   total 388096K, used 353052K [0x0000000080000000, 0x0000000100000000)
  region size 1024K, 3 young (3072K), 3 survivors (3072K)
 Metaspace       used 131063K, capacity 134877K, committed 135096K, reserved 1167360K
  class space    used 16473K, capacity 17886K, committed 17920K, reserved 1048576K
}
Event: 77.718 GC heap before
{Heap before GC invocations=55 (full 0):
 garbage-first heap   total 388096K, used 367388K [0x0000000080000000, 0x0000000100000000)
  region size 1024K, 18 young (18432K), 3 survivors (3072K)
 Metaspace       used 131111K, capacity 134951K, committed 135096K, reserved 1167360K
  class space    used 16480K, capacity 17889K, committed 17920K, reserved 1048576K
}
Event: 77.725 GC heap after
{Heap after GC invocations=56 (full 0):
 garbage-first heap   total 388096K, used 356004K [0x0000000080000000, 0x0000000100000000)
  region size 1024K, 3 young (3072K), 3 survivors (3072K)
 Metaspace       used 131111K, capacity 134951K, committed 135096K, reserved 1167360K
  class space    used 16480K, capacity 17889K, committed 17920K, reserved 1048576K
}
Event: 77.860 GC heap before
{Heap before GC invocations=57 (full 0):
 garbage-first heap   total 388096K, used 316068K [0x0000000080000000, 0x0000000100000000)
  region size 1024K, 18 young (18432K), 3 survivors (3072K)
 Metaspace       used 131043K, capacity 134768K, committed 135096K, reserved 1167360K
  class space    used 16457K, capacity 17828K, committed 17920K, reserved 1048576K
}
Event: 77.871 GC heap after
{Heap after GC invocations=58 (full 0):
 garbage-first heap   total 388096K, used 306756K [0x0000000080000000, 0x0000000100000000)
  region size 1024K, 3 young (3072K), 3 survivors (3072K)
 Metaspace       used 131043K, capacity 134768K, committed 135096K, reserved 1167360K
  class space    used 16457K, capacity 17828K, committed 17920K, reserved 1048576K
}
Event: 77.956 GC heap before
{Heap before GC invocations=58 (full 0):
 garbage-first heap   total 388096K, used 325188K [0x0000000080000000, 0x0000000100000000)
  region size 1024K, 18 young (18432K), 3 survivors (3072K)
 Metaspace       used 131055K, capacity 134768K, committed 135096K, reserved 1167360K
  class space    used 16457K, capacity 17828K, committed 17920K, reserved 1048576K
}
Event: 77.968 GC heap after
{Heap after GC invocations=59 (full 0):
 garbage-first heap   total 388096K, used 276813K [0x0000000080000000, 0x0000000100000000)
  region size 1024K, 3 young (3072K), 3 survivors (3072K)
 Metaspace       used 131055K, capacity 134768K, committed 135096K, reserved 1167360K
  class space    used 16457K, capacity 17828K, committed 17920K, reserved 1048576K
}
Event: 78.001 GC heap before
{Heap before GC invocations=59 (full 0):
 garbage-first heap   total 388096K, used 291149K [0x0000000080000000, 0x0000000100000000)
  region size 1024K, 18 young (18432K), 3 survivors (3072K)
 Metaspace       used 131056K, capacity 134768K, committed 135096K, reserved 1167360K
  class space    used 16457K, capacity 17828K, committed 17920K, reserved 1048576K
}
Event: 78.017 GC heap after
{Heap after GC invocations=60 (full 0):
 garbage-first heap   total 388096K, used 250380K [0x0000000080000000, 0x0000000100000000)
  region size 1024K, 3 young (3072K), 3 survivors (3072K)
 Metaspace       used 131056K, capacity 134768K, committed 135096K, reserved 1167360K
  class space    used 16457K, capacity 17828K, committed 17920K, reserved 1048576K
}
Event: 78.046 GC heap before
{Heap before GC invocations=60 (full 0):
 garbage-first heap   total 388096K, used 265740K [0x0000000080000000, 0x0000000100000000)
  region size 1024K, 18 young (18432K), 3 survivors (3072K)
 Metaspace       used 131065K, capacity 134768K, committed 135096K, reserved 1167360K
  class space    used 16457K, capacity 17828K, committed 17920K, reserved 1048576K
}
Event: 78.063 GC heap after
{Heap after GC invocations=61 (full 0):
 garbage-first heap   total 388096K, used 252622K [0x0000000080000000, 0x0000000100000000)
  region size 1024K, 3 young (3072K), 3 survivors (3072K)
 Metaspace       used 131065K, capacity 134768K, committed 135096K, reserved 1167360K
  class space    used 16457K, capacity 17828K, committed 17920K, reserved 1048576K
}
Event: 78.171 GC heap before
{Heap before GC invocations=61 (full 0):
 garbage-first heap   total 388096K, used 299726K [0x0000000080000000, 0x0000000100000000)
  region size 1024K, 50 young (51200K), 3 survivors (3072K)
 Metaspace       used 131067K, capacity 134768K, committed 135096K, reserved 1167360K
  class space    used 16457K, capacity 17828K, committed 17920K, reserved 1048576K
}
Event: 78.196 GC heap after
{Heap after GC invocations=62 (full 0):
 garbage-first heap   total 388096K, used 277208K [0x0000000080000000, 0x0000000100000000)
  region size 1024K, 7 young (7168K), 7 survivors (7168K)
 Metaspace       used 131067K, capacity 134768K, committed 135096K, reserved 1167360K
  class space    used 16457K, capacity 17828K, committed 17920K, reserved 1048576K
}
Event: 78.449 GC heap before
{Heap before GC invocations=62 (full 0):
 garbage-first heap   total 388096K, used 311000K [0x0000000080000000, 0x0000000100000000)
  region size 1024K, 41 young (41984K), 7 survivors (7168K)
 Metaspace       used 131122K, capacity 134839K, committed 135096K, reserved 1167360K
  class space    used 16457K, capacity 17828K, committed 17920K, reserved 1048576K
}

